<<<<<<< c1d3b523e4b6648af0a208836be5edef179e8568
--- LOGGER > File Console.log Open AT 05/25/16 11:31:43 ---
--- LOGGER > File Console.log Close AT 05/25/16 11:31:44 ---
--- LOGGER > File Console.log Open AT 05/25/16 11:31:44 ---
--- LOGGER > File Console.log Close AT 05/25/16 11:43:52 ---
--- LOGGER > File Console.log Open AT 05/25/16 11:43:55 ---
--- LOGGER > File Console.log Open AT 05/26/16 08:58:26 ---
The item BLOCKA_IW8_8 is deleted because it was out of memory mapping of the equipment.
The item BLOCKA_QW15 is deleted because it was out of memory mapping of the equipment.
The item BLOCKA_QW14 is deleted because it was out of memory mapping of the equipment.
The item BLOCKA_QW13 is deleted because it was out of memory mapping of the equipment.
The item BLOCKA_QW12 is deleted because it was out of memory mapping of the equipment.
The item BLOCKA_QW11 is deleted because it was out of memory mapping of the equipment.
The item BLOCKA_QW10 is deleted because it was out of memory mapping of the equipment.
The item BLOCKA_QW9 is deleted because it was out of memory mapping of the equipment.
The item BLOCKA_QW8 is deleted because it was out of memory mapping of the equipment.
The item BLOCKA_QX0_64 is deleted because it was out of memory mapping of the equipment.
The item BLOCKA_IX0_64 is deleted because it was out of memory mapping of the equipment.
--- LOGGER > File Console.log Close AT 05/26/16 09:11:51 ---
--- LOGGER > File Console.log Open AT 05/26/16 09:11:53 ---
--- LOGGER > File Console.log Close AT 05/26/16 09:12:43 ---
--- LOGGER > File Console.log Open AT 05/26/16 09:12:46 ---
=======
--- LOGGER > File Console.log Open AT 01/21/15 12:42:45 ---
--- LOGGER > File Console.log Close AT 01/21/15 12:42:46 ---
--- LOGGER > File Console.log Open AT 01/21/15 12:42:48 ---
--- LOGGER > File Console.log Close AT 01/21/15 12:49:18 ---
--- LOGGER > File Console.log Open AT 01/21/15 12:52:18 ---
--- LOGGER > File Console.log Close AT 01/21/15 13:09:55 ---
--- LOGGER > File Console.log Open AT 01/21/15 13:11:43 ---
--- LOGGER > File Console.log Close AT 01/23/15 15:14:21 ---
--- LOGGER > File Console.log Open AT 01/23/15 15:14:25 ---
--- LOGGER > File Console.log Close AT 01/23/15 15:27:49 ---
--- LOGGER > File Console.log Open AT 01/23/15 15:27:56 ---
--- LOGGER > File Console.log Open AT 01/23/15 15:29:18 ---
--- LOGGER > File Console.log Close AT 01/23/15 15:29:18 ---
--- LOGGER > File Console.log Open AT 01/23/15 15:29:19 ---
The item BLOCKA_IW4_16 is deleted because it was out of memory mapping of the equipment.
The item BLOCKA_QW4_16 is deleted because it was out of memory mapping of the equipment.
--- LOGGER > File Console.log Close AT 01/23/15 16:35:47 ---
--- LOGGER > File Console.log Open AT 01/23/15 16:36:26 ---
--- LOGGER > File Console.log Close AT 09/02/14 10:45:59 ---
--- LOGGER > File Console.log Open AT 09/02/14 10:46:03 ---
>>>>>>> Valsolar
